# JRE version: OpenJDK Runtime Environment (8.0_152-b02) (build 1.8.0_152-release-1024-b02)
# Java VM: OpenJDK 64-Bit Server VM (25.152-b02 mixed mode windows-amd64 compressed oops)
Heap:
 PSYoungGen      total 483328K, used 381447K [0x00000000e0000000, 0x0000000100000000, 0x0000000100000000)
  eden space 447488K, 78% used [0x00000000e0000000,0x00000000f56ba558,0x00000000fb500000)
  from space 35840K, 85% used [0x00000000fdb00000,0x00000000ff8c77e8,0x00000000ffe00000)
  to   space 38400K, 0% used [0x00000000fb500000,0x00000000fb500000,0x00000000fda80000)
 ParOldGen       total 368128K, used 118267K [0x00000000a0000000, 0x00000000b6780000, 0x00000000e0000000)
  object space 368128K, 32% used [0x00000000a0000000,0x00000000a737ee20,0x00000000b6780000)
 Metaspace       used 128755K, capacity 139768K, committed 139980K, reserved 1171456K
  class space    used 15961K, capacity 17892K, committed 17920K, reserved 1048576K
GC Heap History (10 events):
Event: 10479.770 GC heap before
{Heap before GC invocations=88 (full 4):
 PSYoungGen      total 372736K, used 20180K [0x00000000e0000000, 0x00000000fbd80000, 0x0000000100000000)
  eden space 326656K, 0% used [0x00000000e0000000,0x00000000e023ef00,0x00000000f3f00000)
  from space 46080K, 38% used [0x00000000f3f00000,0x00000000f5076200,0x00000000f6c00000)
  to   space 43520K, 0% used [0x00000000f9300000,0x00000000f9300000,0x00000000fbd80000)
 ParOldGen       total 368128K, used 106261K [0x00000000a0000000, 0x00000000b6780000, 0x00000000e0000000)
  object space 368128K, 28% used [0x00000000a0000000,0x00000000a67c5720,0x00000000b6780000)
 Metaspace       used 125577K, capacity 136644K, committed 136780K, reserved 1169408K
  class space    used 15567K, capacity 17442K, committed 17536K, reserved 1048576K
Event: 10479.786 GC heap after
Heap after GC invocations=88 (full 4):
 PSYoungGen      total 414720K, used 17667K [0x00000000e0000000, 0x00000000fcd80000, 0x0000000100000000)
  eden space 371200K, 0% used [0x00000000e0000000,0x00000000e0000000,0x00000000f6a80000)
  from space 43520K, 40% used [0x00000000f9300000,0x00000000fa440e18,0x00000000fbd80000)
  to   space 41472K, 0% used [0x00000000f6a80000,0x00000000f6a80000,0x00000000f9300000)
 ParOldGen       total 368128K, used 106317K [0x00000000a0000000, 0x00000000b6780000, 0x00000000e0000000)
  object space 368128K, 28% used [0x00000000a0000000,0x00000000a67d3720,0x00000000b6780000)
 Metaspace       used 125577K, capacity 136644K, committed 136780K, reserved 1169408K
  class space    used 15567K, capacity 17442K, committed 17536K, reserved 1048576K
}
Event: 10480.185 GC heap before
{Heap before GC invocations=89 (full 4):
 PSYoungGen      total 414720K, used 388867K [0x00000000e0000000, 0x00000000fcd80000, 0x0000000100000000)
  eden space 371200K, 100% used [0x00000000e0000000,0x00000000f6a80000,0x00000000f6a80000)
  from space 43520K, 40% used [0x00000000f9300000,0x00000000fa440e18,0x00000000fbd80000)
  to   space 41472K, 0% used [0x00000000f6a80000,0x00000000f6a80000,0x00000000f9300000)
 ParOldGen       total 368128K, used 106317K [0x00000000a0000000, 0x00000000b6780000, 0x00000000e0000000)
  object space 368128K, 28% used [0x00000000a0000000,0x00000000a67d3720,0x00000000b6780000)
 Metaspace       used 125626K, capacity 136712K, committed 137036K, reserved 1169408K
  class space    used 15567K, capacity 17442K, committed 17536K, reserved 1048576K
Event: 10480.197 GC heap after
Heap after GC invocations=89 (full 4):
 PSYoungGen      total 412672K, used 18894K [0x00000000e0000000, 0x00000000ffa00000, 0x0000000100000000)
  eden space 371200K, 0% used [0x00000000e0000000,0x00000000e0000000,0x00000000f6a80000)
  from space 41472K, 45% used [0x00000000f6a80000,0x00000000f7cf3a90,0x00000000f9300000)
  to   space 39424K, 0% used [0x00000000fd380000,0x00000000fd380000,0x00000000ffa00000)
 ParOldGen       total 368128K, used 106389K [0x00000000a0000000, 0x00000000b6780000, 0x00000000e0000000)
  object space 368128K, 28% used [0x00000000a0000000,0x00000000a67e5720,0x00000000b6780000)
 Metaspace       used 125626K, capacity 136712K, committed 137036K, reserved 1169408K
  class space    used 15567K, capacity 17442K, committed 17536K, reserved 1048576K
}
Event: 10480.643 GC heap before
{Heap before GC invocations=90 (full 4):
 PSYoungGen      total 412672K, used 390094K [0x00000000e0000000, 0x00000000ffa00000, 0x0000000100000000)
  eden space 371200K, 100% used [0x00000000e0000000,0x00000000f6a80000,0x00000000f6a80000)
  from space 41472K, 45% used [0x00000000f6a80000,0x00000000f7cf3a90,0x00000000f9300000)
  to   space 39424K, 0% used [0x00000000fd380000,0x00000000fd380000,0x00000000ffa00000)
 ParOldGen       total 368128K, used 106389K [0x00000000a0000000, 0x00000000b6780000, 0x00000000e0000000)
  object space 368128K, 28% used [0x00000000a0000000,0x00000000a67e5720,0x00000000b6780000)
 Metaspace       used 125675K, capacity 136712K, committed 137036K, reserved 1169408K
  class space    used 15567K, capacity 17442K, committed 17536K, reserved 1048576K
Event: 10480.658 GC heap after
Heap after GC invocations=90 (full 4):
 PSYoungGen      total 476672K, used 18532K [0x00000000e0000000, 0x00000000ff700000, 0x0000000100000000)
  eden space 440320K, 0% used [0x00000000e0000000,0x00000000e0000000,0x00000000fae00000)
  from space 36352K, 50% used [0x00000000fd380000,0x00000000fe5993b0,0x00000000ff700000)
  to   space 37376K, 0% used [0x00000000fae00000,0x00000000fae00000,0x00000000fd280000)
 ParOldGen       total 368128K, used 106601K [0x00000000a0000000, 0x00000000b6780000, 0x00000000e0000000)
  object space 368128K, 28% used [0x00000000a0000000,0x00000000a681a730,0x00000000b6780000)
 Metaspace       used 125675K, capacity 136712K, committed 137036K, reserved 1169408K
  class space    used 15567K, capacity 17442K, committed 17536K, reserved 1048576K
}
Event: 10481.259 GC heap before
{Heap before GC invocations=91 (full 4):
 PSYoungGen      total 476672K, used 458852K [0x00000000e0000000, 0x00000000ff700000, 0x0000000100000000)
  eden space 440320K, 100% used [0x00000000e0000000,0x00000000fae00000,0x00000000fae00000)
  from space 36352K, 50% used [0x00000000fd380000,0x00000000fe5993b0,0x00000000ff700000)
  to   space 37376K, 0% used [0x00000000fae00000,0x00000000fae00000,0x00000000fd280000)
 ParOldGen       total 368128K, used 106601K [0x00000000a0000000, 0x00000000b6780000, 0x00000000e0000000)
  object space 368128K, 28% used [0x00000000a0000000,0x00000000a681a730,0x00000000b6780000)
 Metaspace       used 125715K, capacity 136790K, committed 137036K, reserved 1169408K
  class space    used 15569K, capacity 17445K, committed 17536K, reserved 1048576K
Event: 10481.275 GC heap after
Heap after GC invocations=91 (full 4):
 PSYoungGen      total 477696K, used 19479K [0x00000000e0000000, 0x00000000ffe00000, 0x0000000100000000)
  eden space 440320K, 0% used [0x00000000e0000000,0x00000000e0000000,0x00000000fae00000)
  from space 37376K, 52% used [0x00000000fae00000,0x00000000fc105d00,0x00000000fd280000)
  to   space 35840K, 0% used [0x00000000fdb00000,0x00000000fdb00000,0x00000000ffe00000)
 ParOldGen       total 368128K, used 107564K [0x00000000a0000000, 0x00000000b6780000, 0x00000000e0000000)
  object space 368128K, 29% used [0x00000000a0000000,0x00000000a690b318,0x00000000b6780000)
 Metaspace       used 125715K, capacity 136790K, committed 137036K, reserved 1169408K
  class space    used 15569K, capacity 17445K, committed 17536K, reserved 1048576K
}
Event: 10484.465 GC heap before
{Heap before GC invocations=92 (full 4):
 PSYoungGen      total 477696K, used 457715K [0x00000000e0000000, 0x00000000ffe00000, 0x0000000100000000)
  eden space 440320K, 99% used [0x00000000e0000000,0x00000000fabf72b0,0x00000000fae00000)
  from space 37376K, 52% used [0x00000000fae00000,0x00000000fc105d00,0x00000000fd280000)
  to   space 35840K, 0% used [0x00000000fdb00000,0x00000000fdb00000,0x00000000ffe00000)
 ParOldGen       total 368128K, used 107564K [0x00000000a0000000, 0x00000000b6780000, 0x00000000e0000000)
  object space 368128K, 29% used [0x00000000a0000000,0x00000000a690b318,0x00000000b6780000)
 Metaspace       used 125803K, capacity 136824K, committed 137036K, reserved 1169408K
  class space    used 15573K, capacity 17452K, committed 17536K, reserved 1048576K
Event: 10484.491 GC heap after
Heap after GC invocations=92 (full 4):
 PSYoungGen      total 483328K, used 30493K [0x00000000e0000000, 0x0000000100000000, 0x0000000100000000)
  eden space 447488K, 0% used [0x00000000e0000000,0x00000000e0000000,0x00000000fb500000)
  from space 35840K, 85% used [0x00000000fdb00000,0x00000000ff8c77e8,0x00000000ffe00000)
  to   space 38400K, 0% used [0x00000000fb500000,0x00000000fb500000,0x00000000fda80000)
 ParOldGen       total 368128K, used 118267K [0x00000000a0000000, 0x00000000b6780000, 0x00000000e0000000)
  object space 368128K, 32% used [0x00000000a0000000,0x00000000a737ee20,0x00000000b6780000)
 Metaspace       used 125803K, capacity 136824K, committed 137036K, reserved 1169408K
  class space    used 15573K, capacity 17452K, committed 17536K, reserved 1048576K
}

